<?xml version="1.0" encoding="UTF-8"?>
<!-- Generated by org.testng.reporters.JUnitReportReporter -->
<testsuite skipped="0" hostname="BA-000311972" name="com.telus.wnp.tests.TDM_Prevalidation" tests="1" failures="0" timestamp="13 May 2022 15:04:35 GMT" time="116.993" errors="0">
  <testcase name="testMethod_ForeignToTelusPortin" time="116.993" classname="com.telus.wnp.tests.TDM_Prevalidation"/>
</testsuite> <!-- com.telus.wnp.tests.TDM_Prevalidation -->
