<?xml version="1.0" encoding="UTF-8"?>
<!-- Generated by org.testng.reporters.JUnitReportReporter -->
<testsuite skipped="0" hostname="vda801413007" name="com.telus.wnp.tests.MSSPartnersPageTest_TelusIR" tests="2" failures="0" timestamp="04 Nov 2022 07:24:24 GMT" time="1210.931" errors="0">
  <testcase name="testMethod_MSS" time="569.465" classname="com.telus.wnp.tests.MSSPartnersPageTest_TelusIR"/>
  <testcase name="testMethod_MSS" time="641.466" classname="com.telus.wnp.tests.MSSPartnersPageTest_TelusIR"/>
</testsuite> <!-- com.telus.wnp.tests.MSSPartnersPageTest_TelusIR -->
