<?xml version="1.0" encoding="UTF-8"?>
<!-- Generated by org.testng.reporters.JUnitReportReporter -->
<testsuite skipped="0" hostname="BA-000312006" name="com.telus.wnp.tests.MSSPartnersPageTest_TelusCE" tests="3" failures="0" timestamp="08 Nov 2022 09:59:24 GMT" time="1191.461" errors="1">
  <testcase name="afterTest" time="0.001" classname="com.telus.wnp.tests.MSSPartnersPageTest_TelusCE">
    <error type="java.lang.NullPointerException">
      <![CDATA[java.lang.NullPointerException
at com.test.reporting.Reporting.printAndClearLogGroupStatements(Reporting.java:559)
at com.telus.wnp.tests.MSSPartnersPageTest_TelusCE.afterTest(MSSPartnersPageTest_TelusCE.java:102)
at sun.reflect.NativeMethodAccessorImpl.invoke0(Native Method)
at sun.reflect.NativeMethodAccessorImpl.invoke(NativeMethodAccessorImpl.java:62)
at sun.reflect.DelegatingMethodAccessorImpl.invoke(DelegatingMethodAccessorImpl.java:43)
at java.lang.reflect.Method.invoke(Method.java:498)
at org.testng.internal.MethodInvocationHelper.invokeMethod(MethodInvocationHelper.java:124)
at org.testng.internal.MethodInvocationHelper.invokeMethodConsideringTimeout(MethodInvocationHelper.java:59)
at org.testng.internal.Invoker.invokeConfigurationMethod(Invoker.java:458)
at org.testng.internal.Invoker.invokeConfigurations(Invoker.java:222)
at org.testng.internal.Invoker.invokeConfigurations(Invoker.java:142)
at org.testng.internal.TestMethodWorker.invokeAfterClassMethods(TestMethodWorker.java:214)
at org.testng.internal.TestMethodWorker.run(TestMethodWorker.java:111)
at java.util.concurrent.ThreadPoolExecutor.runWorker(ThreadPoolExecutor.java:1149)
at java.util.concurrent.ThreadPoolExecutor$Worker.run(ThreadPoolExecutor.java:624)
at java.lang.Thread.run(Thread.java:748)
]]>
    </error>
  </testcase> <!-- afterTest -->
  <testcase name="testMethod_MSS" time="594.016" classname="com.telus.wnp.tests.MSSPartnersPageTest_TelusCE"/>
  <testcase name="testMethod_MSS" time="597.444" classname="com.telus.wnp.tests.MSSPartnersPageTest_TelusCE"/>
</testsuite> <!-- com.telus.wnp.tests.MSSPartnersPageTest_TelusCE -->
