<?xml version="1.0" encoding="UTF-8"?>
<!-- Generated by org.testng.reporters.JUnitReportReporter -->
<testsuite skipped="0" hostname="BA-000312006" name="com.telus.wnp.tests.MSSPartnersPageTest_BR" tests="4" failures="0" timestamp="31 Oct 2022 08:37:27 GMT" time="0.558" errors="0">
  <testcase name="testMethod_MSS" time="0.003" classname="com.telus.wnp.tests.MSSPartnersPageTest_BR"/>
  <testcase name="testMethod_MSS" time="0.548" classname="com.telus.wnp.tests.MSSPartnersPageTest_BR"/>
  <testcase name="testMethod_MSS" time="0.002" classname="com.telus.wnp.tests.MSSPartnersPageTest_BR"/>
  <testcase name="testMethod_MSS" time="0.005" classname="com.telus.wnp.tests.MSSPartnersPageTest_BR"/>
</testsuite> <!-- com.telus.wnp.tests.MSSPartnersPageTest_BR -->
