<?xml version="1.0" encoding="UTF-8"?>
<!-- Generated by org.testng.reporters.JUnitReportReporter -->
<testsuite skipped="0" hostname="BA-000312006" name="com.telus.wnp.tests.MSSPartnersPageTest_KoodoIR" tests="1" failures="0" timestamp="09 Nov 2022 07:23:08 GMT" time="243.589" errors="0">
  <testcase name="testMethod_MSS" time="243.589" classname="com.telus.wnp.tests.MSSPartnersPageTest_KoodoIR"/>
</testsuite> <!-- com.telus.wnp.tests.MSSPartnersPageTest_KoodoIR -->
